SF:lib\utils\GeoComputer.dart
DA:11,1
DA:12,1
DA:13,6
DA:14,6
DA:24,1
DA:25,1
DA:26,4
DA:27,4
DA:29,1
DA:30,1
DA:31,3
DA:32,3
DA:33,1
DA:34,3
DA:35,3
DA:38,5
DA:43,2
DA:44,2
DA:45,6
DA:46,6
DA:47,2
DA:48,4
DA:49,4
DA:56,2
DA:57,2
DA:58,4
DA:59,2
DA:60,2
DA:61,2
DA:63,2
DA:64,2
DA:65,8
DA:66,8
DA:75,1
DA:76,1
DA:81,1
DA:82,2
DA:85,1
DA:86,1
DA:87,2
DA:89,1
DA:92,2
DA:93,2
DA:94,2
LF:44
LH:44
end_of_record
SF:lib\data\populartimes\cache\PopularityPointsCache.dart
DA:14,1
DA:15,1
DA:16,8
DA:17,5
DA:20,2
DA:21,2
DA:23,2
LF:7
LH:7
end_of_record
SF:lib\data\populartimes\payloads\PlacesAPIResult.dart
DA:10,1
DA:15,0
DA:16,0
DA:17,0
DA:18,0
DA:19,0
DA:20,0
DA:21,0
DA:22,0
LF:9
LH:1
end_of_record
SF:lib\data\database\database.dart
DA:16,0
DA:17,0
DA:18,0
DA:19,0
DA:20,0
DA:21,0
DA:22,0
DA:24,0
DA:25,0
DA:27,0
DA:28,0
DA:29,0
DA:33,0
DA:34,0
DA:35,0
DA:36,0
DA:41,0
DA:42,0
DA:43,0
DA:45,0
DA:46,0
DA:49,0
DA:50,0
DA:51,0
DA:53,0
DA:54,0
DA:57,0
DA:58,0
DA:59,0
DA:61,0
DA:62,0
DA:63,0
DA:64,0
DA:65,0
DA:69,0
DA:70,0
DA:71,0
DA:72,0
DA:73,0
DA:74,0
DA:75,0
DA:80,0
DA:81,0
DA:82,0
DA:83,0
DA:84,0
DA:85,0
DA:86,0
DA:91,0
DA:92,0
DA:93,0
DA:95,0
DA:96,0
DA:97,0
DA:99,0
DA:104,0
DA:105,0
DA:106,0
DA:108,0
DA:110,0
DA:111,0
DA:114,0
DA:115,0
DA:117,0
DA:118,0
DA:121,0
DA:125,0
DA:126,0
DA:127,0
DA:129,0
DA:131,0
DA:132,0
DA:135,0
DA:136,0
DA:138,0
DA:139,0
DA:142,0
DA:146,0
DA:147,0
DA:148,0
DA:150,0
DA:151,0
DA:152,0
DA:153,0
DA:154,0
DA:155,0
DA:160,0
DA:161,0
DA:162,0
DA:163,0
DA:164,0
DA:165,0
DA:166,0
DA:167,0
DA:172,0
DA:173,0
DA:174,0
DA:176,0
DA:177,0
DA:178,0
DA:179,0
DA:180,0
DA:181,0
DA:186,0
DA:187,0
DA:188,0
DA:189,0
DA:190,0
LF:108
LH:0
end_of_record
SF:lib\data\database\indicatorsComputer.dart
DA:14,1
DA:15,2
DA:20,0
DA:21,0
DA:22,0
DA:25,0
DA:27,0
DA:28,0
DA:29,0
DA:30,0
DA:32,0
DA:34,0
DA:35,0
DA:38,0
DA:39,0
DA:40,0
DA:43,1
DA:45,4
DA:49,3
DA:54,3
DA:58,1
DA:60,4
DA:64,3
DA:68,1
DA:70,4
DA:74,3
DA:79,0
DA:80,0
DA:81,0
LF:29
LH:12
end_of_record
SF:lib\data\database\models\DailyReport.dart
DA:10,1
DA:15,0
DA:16,0
DA:17,0
DA:18,0
DA:19,0
DA:26,1
DA:27,1
DA:28,4
DA:29,1
DA:32,0
DA:34,0
DA:35,0
LF:13
LH:5
end_of_record
SF:lib\data\database\models\Favorite.dart
DA:13,2
DA:15,0
DA:16,0
DA:17,0
DA:18,0
DA:19,0
DA:23,0
DA:25,0
DA:28,1
DA:29,3
DA:32,0
DA:33,0
DA:34,0
DA:35,0
DA:36,0
LF:15
LH:3
end_of_record
SF:lib\data\database\models\Location.dart
DA:8,0
DA:10,0
DA:11,0
DA:12,0
DA:13,0
DA:14,0
DA:18,0
DA:20,0
LF:8
LH:0
end_of_record
SF:lib\data\state\AppModel.dart
DA:12,0
DA:13,0
DA:15,0
DA:16,0
DA:17,0
DA:20,0
DA:21,0
DA:22,0
DA:23,0
DA:24,0
LF:10
LH:0
end_of_record
SF:lib\data\populartimes\parser\parser.dart
DA:11,3
DA:14,1
DA:15,1
DA:20,1
DA:21,2
DA:22,0
DA:23,0
DA:26,2
DA:28,1
DA:29,3
DA:30,2
DA:33,1
DA:34,3
DA:35,2
DA:41,1
DA:42,1
DA:43,1
DA:44,1
DA:46,3
DA:47,1
DA:53,1
DA:55,1
DA:56,1
DA:58,1
DA:59,1
DA:61,6
DA:63,1
DA:65,2
DA:66,1
DA:67,1
DA:69,1
DA:75,2
DA:76,2
DA:79,2
DA:80,4
DA:85,3
DA:94,7
DA:97,1
LF:38
LH:36
end_of_record
SF:lib\data\populartimes\payloads\dayResults.dart
DA:10,1
LF:1
LH:1
end_of_record
SF:lib\data\populartimes\parser\parserCache.dart
DA:11,2
DA:12,6
DA:13,1
DA:14,3
DA:18,1
DA:19,1
DA:20,3
DA:21,1
DA:22,2
DA:25,1
DA:26,3
DA:30,2
DA:31,6
DA:32,8
DA:35,1
DA:36,1
DA:37,2
DA:38,2
LF:18
LH:18
end_of_record
SF:lib\data\populartimes\payloads\populartimes.dart
DA:11,2
DA:13,0
DA:14,0
DA:15,0
DA:18,0
DA:20,0
LF:6
LH:1
end_of_record
